#
# A fatal error has been detected by the Java Runtime Environment:
#
#  Internal Error (javaClasses.cpp:136), pid=9992, tid=1044
#  fatal error: Invalid layout of preloaded class
#
# JRE version:  (7.0_67-b01) (build )
# Java VM: Java HotSpot(TM) Client VM (24.65-b04 mixed mode windows-x86 )
# Failed to write core dump. Minidumps are not enabled by default on client versions of Windows
#
# If you would like to submit a bug report, please visit:
#   http://bugreport.sun.com/bugreport/crash.jsp
#

---------------  T H R E A D  ---------------

Current thread (0x00abc400):  JavaThread "Unknown thread" [_thread_in_vm, id=1044, stack(0x00a20000,0x00a70000)]

Stack: [0x00a20000,0x00a70000],  sp=0x00a6f2cc,  free space=316k
Native frames: (J=compiled Java code, j=interpreted, Vv=VM code, C=native code)
V  [jvm.dll+0x190494]
V  [jvm.dll+0x18a116]
V  [jvm.dll+0x35d7a]
V  [jvm.dll+0x35e06]
V  [jvm.dll+0x4465d]
V  [jvm.dll+0x4490e]
V  [jvm.dll+0x92f8a]
V  [jvm.dll+0x9333b]
V  [jvm.dll+0x13fa31]
V  [jvm.dll+0x1626fc]
V  [jvm.dll+0xc9d6f]
C  [javaw.exe+0x13ce]
C  [javaw.exe+0x1e40]
C  [javaw.exe+0xa601]
C  [javaw.exe+0xa68b]
C  [kernel32.dll+0x1338a]
C  [ntdll.dll+0x39f72]
C  [ntdll.dll+0x39f45]


---------------  P R O C E S S  ---------------

Java Threads: ( => current thread )

Other Threads:

=>0x00abc400 (exited) JavaThread "Unknown thread" [_thread_in_vm, id=1044, stack(0x00a20000,0x00a70000)]

VM state:not at safepoint (not fully initialized)

VM Mutex/Monitor currently owned by a thread: None

GC Heap History (0 events):
No events

Deoptimization events (0 events):
No events

Internal exceptions (0 events):
No events

Events (10 events):
Event: 0.029 loading class 0x001fc6c8
Event: 0.031 loading class 0x001fc6c8 done
Event: 0.031 loading class 0x001fc708
Event: 0.032 loading class 0x001fcc78
Event: 0.032 loading class 0x001fcc78 done
Event: 0.032 loading class 0x00202888
Event: 0.032 loading class 0x00202888 done
Event: 0.033 loading class 0x001fc708 done
Event: 0.033 loading class 0x001fc6e8
Event: 0.033 loading class 0x001fc6e8 done


Dynamic libraries:
0x00fd0000 - 0x00fff000 	C:\Program Files (x86)\Java\jre7\bin\javaw.exe
0x774f0000 - 0x77670000 	C:\Windows\SysWOW64\ntdll.dll
0x769f0000 - 0x76b00000 	C:\Windows\syswow64\kernel32.dll
0x766f0000 - 0x76737000 	C:\Windows\syswow64\KERNELBASE.dll
0x76200000 - 0x762a0000 	C:\Windows\syswow64\ADVAPI32.dll
0x76bf0000 - 0x76c9c000 	C:\Windows\syswow64\msvcrt.dll
0x76130000 - 0x76149000 	C:\Windows\SysWOW64\sechost.dll
0x76330000 - 0x76420000 	C:\Windows\syswow64\RPCRT4.dll
0x74f00000 - 0x74f60000 	C:\Windows\syswow64\SspiCli.dll
0x74ef0000 - 0x74efc000 	C:\Windows\syswow64\CRYPTBASE.dll
0x75200000 - 0x75300000 	C:\Windows\syswow64\USER32.dll
0x750d0000 - 0x75160000 	C:\Windows\syswow64\GDI32.dll
0x768c0000 - 0x768ca000 	C:\Windows\syswow64\LPK.dll
0x75160000 - 0x751fd000 	C:\Windows\syswow64\USP10.dll
0x73120000 - 0x732be000 	C:\Windows\WinSxS\x86_microsoft.windows.common-controls_6595b64144ccf1df_6.0.7601.17514_none_41e6975e2bd6f2b2\COMCTL32.dll
0x753a0000 - 0x753f7000 	C:\Windows\syswow64\SHLWAPI.dll
0x765e0000 - 0x76640000 	C:\Windows\system32\IMM32.DLL
0x75410000 - 0x754dc000 	C:\Windows\syswow64\MSCTF.dll
0x6c380000 - 0x6c43f000 	C:\Program Files (x86)\Java\jre7\bin\msvcr100.dll
0x5fbc0000 - 0x5ff48000 	C:\Program Files (x86)\Java\jre7\bin\client\jvm.dll
0x73740000 - 0x73747000 	C:\Windows\system32\WSOCK32.dll
0x762a0000 - 0x762d5000 	C:\Windows\syswow64\WS2_32.dll
0x76320000 - 0x76326000 	C:\Windows\syswow64\NSI.dll
0x737d0000 - 0x73802000 	C:\Windows\system32\WINMM.dll
0x75390000 - 0x75395000 	C:\Windows\syswow64\PSAPI.DLL
0x74bc0000 - 0x74bcc000 	C:\Program Files (x86)\Java\jre7\bin\verify.dll
0x74b70000 - 0x74b90000 	C:\Program Files (x86)\Java\jre7\bin\java.dll
0x74880000 - 0x74893000 	C:\Program Files (x86)\Java\jre7\bin\zip.dll
0x6ac10000 - 0x6acfb000 	C:\Windows\system32\dbghelp.dll

VM Arguments:
jvm_args: -Dfile.encoding=Cp1252 -Xbootclasspath:E:\Alexander\leJOS NXJ\lib\nxt\classes.jar 
java_command: de.neuwirthinformatik.Alexander.NAC.Main
Launcher Type: SUN_STANDARD

Environment Variables:
JAVA_HOME=C:\Program Files\Java\jdk1.7.0_25\
PATH=C:/Program Files (x86)/Java/jre7/bin/client;C:/Program Files (x86)/Java/jre7/bin;C:/Program Files (x86)/Java/jre7/lib/i386;C:\Program Files\Common Files\Microsoft Shared\Windows Live;C:\Program Files (x86)\Common Files\Microsoft Shared\Windows Live;C:\Program Files\Broadcom\Broadcom 802.11 Network Adapter\Driver;C:\Program Files (x86)\AMD APP\bin\x86_64;C:\Program Files (x86)\AMD APP\bin\x86;C:\Windows\system32;C:\Windows;C:\Windows\System32\Wbem;C:\Windows\System32\WindowsPowerShell\v1.0\;C:\Program Files (x86)\ATI Technologies\ATI.ACE\Core-Static;C:\Program Files\WIDCOMM\Bluetooth Software\;C:\Program Files\WIDCOMM\Bluetooth Software\syswow64;C:\Program Files\Common Files\Lenovo;C:\Program Files (x86)\Common Files\Ulead Systems\MPEG;C:\Program Files (x86)\Windows Live\Shared;C:\SWTOOLS\ReadyApps;C:\Program Files (x86)\Common Files\Lenovo;E:\Alexander\Java\leJOS_NXJ\bin;C:\Program Files\Java\jdk1.7.0_25\bin;C:\Program Files (x86)\IVI Foundation\VISA\WinNT\Bin;E:\Alexander\leJOS NXJ\bin;C:\Program Files (x86)\Java32\jdk1.7.0_45\bin;C:\Program Files (x86)\APK-Modding\dex2jar-0.0.9.15;C:\Program Files (x86)\NASM\nasm.exe;C:\Program Files (x86)\NASM\ndisasm.exe;C:\Program Files (x86)\Eclipse32;
USERNAME=Alex
OS=Windows_NT
PROCESSOR_IDENTIFIER=AMD64 Family 21 Model 16 Stepping 1, AuthenticAMD



---------------  S Y S T E M  ---------------

OS: Windows 7 , 64 bit Build 7601 Service Pack 1

CPU:total 2 (2 cores per cpu, 1 threads per core) family 21 model 16 stepping 1, cmov, cx8, fxsr, mmx, sse, sse2, sse3, ssse3, sse4.1, sse4.2, popcnt, avx, aes, mmxext, 3dnowpref, lzcnt, sse4a, tsc, tscinvbit, tscinv

Memory: 4k page, physical 3591144k(696620k free), swap 7180424k(2653716k free)

vm_info: Java HotSpot(TM) Client VM (24.65-b04) for windows-x86 JRE (1.7.0_67-b01), built on Jul 25 2014 10:20:53 by "java_re" with unknown MS VC++:1600

time: Tue Aug 19 10:50:50 2014
elapsed time: 0 seconds

